1649744226834	geckodriver	INFO	Listening on 127.0.0.1:49418
1649744227369	mozrunner::runner	INFO	Running command: "D:\\study\\software\\firefox.exe" "--marionette" "--remote-debugging-port" "49419" "-no-remote" "-profile" "C:\\Users\\86135\\AppData\\Local\\Temp\\rust_mozprofileKwOV8k"
1649744228445	Marionette	INFO	Marionette enabled
console.warn: SearchSettings: "get: No settings file exists, new profile?" (new NotFoundError("Could not open the file at C:\\Users\\86135\\AppData\\Local\\Temp\\rust_mozprofileKwOV8k\\search.json.mozlz4", (void 0)))
DevTools listening on ws://localhost:49419/devtools/browser/925b0fbd-6ca9-4598-af73-bcf55830e473
1649744231904	Marionette	INFO	Listening on port 49423
1649744232209	RemoteAgent	WARN	TLS certificate errors will be ignored for this session
1649744232745	Marionette	INFO	Stopped listening on port 49423
JavaScript error: resource:///modules/Interactions.jsm, line 209: NS_ERROR_FAILURE: Component returned failure code: 0x80004005 (NS_ERROR_FAILURE) [nsIUserIdleService.removeIdleObserver]
!!! error running onStopped callback: TypeError: callback is not a function
1649744233424	RemoteAgent	ERROR	unable to stop listener: [Exception... "Component returned failure code: 0x8000ffff (NS_ERROR_UNEXPECTED) [nsIWindowMediator.getEnumerator]"  nsresult: "0x8000ffff (NS_ERROR_UNEXPECTED)"  location: "JS frame :: chrome://remote/content/cdp/observers/TargetObserver.jsm :: stop :: line 64"  data: no] Stack trace: stop()@TargetObserver.jsm:64
unwatchForTabs()@TargetList.jsm:70
unwatchForTargets()@TargetList.jsm:37
destructor()@TargetList.jsm:109
stop()@CDP.jsm:104
close()@RemoteAgent.jsm:138
1649744558601	geckodriver	INFO	Listening on 127.0.0.1:49854
1649744559147	mozrunner::runner	INFO	Running command: "D:\\study\\software\\firefox.exe" "--marionette" "--remote-debugging-port" "49855" "-no-remote" "-profile" "C:\\Users\\86135\\AppData\\Local\\Temp\\rust_mozprofile3lvQWo"
1649744560114	Marionette	INFO	Marionette enabled
console.warn: SearchSettings: "get: No settings file exists, new profile?" (new NotFoundError("Could not open the file at C:\\Users\\86135\\AppData\\Local\\Temp\\rust_mozprofile3lvQWo\\search.json.mozlz4", (void 0)))
DevTools listening on ws://localhost:49855/devtools/browser/f71f47d9-0f53-4085-98f2-0534ed27c64a
1649744563659	Marionette	INFO	Listening on port 49859
1649744564002	RemoteAgent	WARN	TLS certificate errors will be ignored for this session
1649744564611	Marionette	INFO	Stopped listening on port 49859
JavaScript error: resource:///modules/Interactions.jsm, line 209: NS_ERROR_FAILURE: Component returned failure code: 0x80004005 (NS_ERROR_FAILURE) [nsIUserIdleService.removeIdleObserver]
[Parent 19516, IPC I/O Parent] WARNING: file /builds/worker/checkouts/gecko/ipc/chromium/src/base/process_util_win.cc:167
!!! error running onStopped callback: TypeError: callback is not a function
1649744565437	RemoteAgent	ERROR	unable to stop listener: [Exception... "Component returned failure code: 0x8000ffff (NS_ERROR_UNEXPECTED) [nsIWindowMediator.getEnumerator]"  nsresult: "0x8000ffff (NS_ERROR_UNEXPECTED)"  location: "JS frame :: chrome://remote/content/cdp/observers/TargetObserver.jsm :: stop :: line 64"  data: no] Stack trace: stop()@TargetObserver.jsm:64
unwatchForTabs()@TargetList.jsm:70
unwatchForTargets()@TargetList.jsm:37
destructor()@TargetList.jsm:109
stop()@CDP.jsm:104
close()@RemoteAgent.jsm:138
1649744649451	geckodriver	INFO	Listening on 127.0.0.1:49994
1649744650000	mozrunner::runner	INFO	Running command: "D:\\study\\software\\firefox.exe" "--marionette" "--remote-debugging-port" "49995" "-no-remote" "-profile" "C:\\Users\\86135\\AppData\\Local\\Temp\\rust_mozprofileoy8nNE"
1649744650851	Marionette	INFO	Marionette enabled
console.warn: SearchSettings: "get: No settings file exists, new profile?" (new NotFoundError("Could not open the file at C:\\Users\\86135\\AppData\\Local\\Temp\\rust_mozprofileoy8nNE\\search.json.mozlz4", (void 0)))
DevTools listening on ws://localhost:49995/devtools/browser/104d37f8-1b94-478f-8542-a011f3432c98
1649744653717	Marionette	INFO	Listening on port 49998
1649744654236	RemoteAgent	WARN	TLS certificate errors will be ignored for this session
1649744654685	Marionette	INFO	Stopped listening on port 49998
JavaScript error: resource:///modules/Interactions.jsm, line 209: NS_ERROR_FAILURE: Component returned failure code: 0x80004005 (NS_ERROR_FAILURE) [nsIUserIdleService.removeIdleObserver]
!!! error running onStopped callback: TypeError: callback is not a function

###!!! [Parent][RunMessage] Error: Channel closing: too late to send/recv, messages will be lost

1649744655380	RemoteAgent	ERROR	unable to stop listener: [Exception... "Component returned failure code: 0x8000ffff (NS_ERROR_UNEXPECTED) [nsIWindowMediator.getEnumerator]"  nsresult: "0x8000ffff (NS_ERROR_UNEXPECTED)"  location: "JS frame :: chrome://remote/content/cdp/observers/TargetObserver.jsm :: stop :: line 64"  data: no] Stack trace: stop()@TargetObserver.jsm:64
unwatchForTabs()@TargetList.jsm:70
unwatchForTargets()@TargetList.jsm:37
destructor()@TargetList.jsm:109
stop()@CDP.jsm:104
close()@RemoteAgent.jsm:138
1649744670991	geckodriver	INFO	Listening on 127.0.0.1:50050
1649744671013	mozrunner::runner	INFO	Running command: "D:\\study\\software\\firefox.exe" "--marionette" "--remote-debugging-port" "50051" "-no-remote" "-profile" "C:\\Users\\86135\\AppData\\Local\\Temp\\rust_mozprofilexj92EE"
1649744671782	Marionette	INFO	Marionette enabled
console.warn: SearchSettings: "get: No settings file exists, new profile?" (new NotFoundError("Could not open the file at C:\\Users\\86135\\AppData\\Local\\Temp\\rust_mozprofilexj92EE\\search.json.mozlz4", (void 0)))
DevTools listening on ws://localhost:50051/devtools/browser/424b8664-5fbc-43ef-8196-a003b35c8ece
1649744674645	Marionette	INFO	Listening on port 50054
1649744674713	RemoteAgent	WARN	TLS certificate errors will be ignored for this session
1649744675172	Marionette	INFO	Stopped listening on port 50054
JavaScript error: resource:///modules/Interactions.jsm, line 209: NS_ERROR_FAILURE: Component returned failure code: 0x80004005 (NS_ERROR_FAILURE) [nsIUserIdleService.removeIdleObserver]
!!! error running onStopped callback: TypeError: callback is not a function

###!!! [Parent][RunMessage] Error: Channel closing: too late to send/recv, messages will be lost

1649744675794	RemoteAgent	ERROR	unable to stop listener: [Exception... "Component returned failure code: 0x8000ffff (NS_ERROR_UNEXPECTED) [nsIWindowMediator.getEnumerator]"  nsresult: "0x8000ffff (NS_ERROR_UNEXPECTED)"  location: "JS frame :: chrome://remote/content/cdp/observers/TargetObserver.jsm :: stop :: line 64"  data: no] Stack trace: stop()@TargetObserver.jsm:64
unwatchForTabs()@TargetList.jsm:70
unwatchForTargets()@TargetList.jsm:37
destructor()@TargetList.jsm:109
stop()@CDP.jsm:104
close()@RemoteAgent.jsm:138
1649744755507	geckodriver	INFO	Listening on 127.0.0.1:50181
1649744756039	mozrunner::runner	INFO	Running command: "D:\\study\\software\\firefox.exe" "--marionette" "--remote-debugging-port" "50182" "-no-remote" "-profile" "C:\\Users\\86135\\AppData\\Local\\Temp\\rust_mozprofilemvOfmO"
1649744756825	Marionette	INFO	Marionette enabled
console.warn: SearchSettings: "get: No settings file exists, new profile?" (new NotFoundError("Could not open the file at C:\\Users\\86135\\AppData\\Local\\Temp\\rust_mozprofilemvOfmO\\search.json.mozlz4", (void 0)))
DevTools listening on ws://localhost:50182/devtools/browser/17d8c746-a140-4783-9aa0-e9268cc4bf4f
1649744759588	Marionette	INFO	Listening on port 50185
1649744759748	RemoteAgent	WARN	TLS certificate errors will be ignored for this session
1649744760496	Marionette	INFO	Stopped listening on port 50185
JavaScript error: resource:///modules/Interactions.jsm, line 209: NS_ERROR_FAILURE: Component returned failure code: 0x80004005 (NS_ERROR_FAILURE) [nsIUserIdleService.removeIdleObserver]
!!! error running onStopped callback: TypeError: callback is not a function

###!!! [Parent][RunMessage] Error: Channel closing: too late to send/recv, messages will be lost

1649744761231	RemoteAgent	ERROR	unable to stop listener: [Exception... "Component returned failure code: 0x8000ffff (NS_ERROR_UNEXPECTED) [nsIWindowMediator.getEnumerator]"  nsresult: "0x8000ffff (NS_ERROR_UNEXPECTED)"  location: "JS frame :: chrome://remote/content/cdp/observers/TargetObserver.jsm :: stop :: line 64"  data: no] Stack trace: stop()@TargetObserver.jsm:64
unwatchForTabs()@TargetList.jsm:70
unwatchForTargets()@TargetList.jsm:37
destructor()@TargetList.jsm:109
stop()@CDP.jsm:104
close()@RemoteAgent.jsm:138
1649744799904	geckodriver	INFO	Listening on 127.0.0.1:50266
1649744800457	mozrunner::runner	INFO	Running command: "D:\\study\\software\\firefox.exe" "--marionette" "--remote-debugging-port" "50267" "-no-remote" "-profile" "C:\\Users\\86135\\AppData\\Local\\Temp\\rust_mozprofile1dDICd"
1649744801276	Marionette	INFO	Marionette enabled
console.warn: SearchSettings: "get: No settings file exists, new profile?" (new NotFoundError("Could not open the file at C:\\Users\\86135\\AppData\\Local\\Temp\\rust_mozprofile1dDICd\\search.json.mozlz4", (void 0)))
DevTools listening on ws://localhost:50267/devtools/browser/574b02dd-5493-4209-93b5-327366b77dbb
1649744804162	Marionette	INFO	Listening on port 50271
1649744804656	RemoteAgent	WARN	TLS certificate errors will be ignored for this session
1649744805110	Marionette	INFO	Stopped listening on port 50271
JavaScript error: resource:///modules/Interactions.jsm, line 209: NS_ERROR_FAILURE: Component returned failure code: 0x80004005 (NS_ERROR_FAILURE) [nsIUserIdleService.removeIdleObserver]
!!! error running onStopped callback: TypeError: callback is not a function

###!!! [Parent][RunMessage] Error: Channel closing: too late to send/recv, messages will be lost

1649744805728	RemoteAgent	ERROR	unable to stop listener: [Exception... "Component returned failure code: 0x8000ffff (NS_ERROR_UNEXPECTED) [nsIWindowMediator.getEnumerator]"  nsresult: "0x8000ffff (NS_ERROR_UNEXPECTED)"  location: "JS frame :: chrome://remote/content/cdp/observers/TargetObserver.jsm :: stop :: line 64"  data: no] Stack trace: stop()@TargetObserver.jsm:64
unwatchForTabs()@TargetList.jsm:70
unwatchForTargets()@TargetList.jsm:37
destructor()@TargetList.jsm:109
stop()@CDP.jsm:104
close()@RemoteAgent.jsm:138
1649746501143	geckodriver	INFO	Listening on 127.0.0.1:51867
1649746501689	mozrunner::runner	INFO	Running command: "D:\\study\\software\\firefox.exe" "--marionette" "--remote-debugging-port" "51868" "-no-remote" "-profile" "C:\\Users\\86135\\AppData\\Local\\Temp\\rust_mozprofileSsvzqM"
1649746502480	Marionette	INFO	Marionette enabled
console.warn: SearchSettings: "get: No settings file exists, new profile?" (new NotFoundError("Could not open the file at C:\\Users\\86135\\AppData\\Local\\Temp\\rust_mozprofileSsvzqM\\search.json.mozlz4", (void 0)))
DevTools listening on ws://localhost:51868/devtools/browser/89510082-0c44-4358-9f0f-6090061381bd
1649746505705	Marionette	INFO	Listening on port 51871
1649746505882	RemoteAgent	WARN	TLS certificate errors will be ignored for this session
1649746511267	Marionette	INFO	Stopped listening on port 51871
JavaScript error: resource:///modules/Interactions.jsm, line 209: NS_ERROR_FAILURE: Component returned failure code: 0x80004005 (NS_ERROR_FAILURE) [nsIUserIdleService.removeIdleObserver]
!!! error running onStopped callback: TypeError: callback is not a function

###!!! [Parent][RunMessage] Error: Channel closing: too late to send/recv, messages will be lost

1649746511905	RemoteAgent	ERROR	unable to stop listener: [Exception... "Component returned failure code: 0x8000ffff (NS_ERROR_UNEXPECTED) [nsIWindowMediator.getEnumerator]"  nsresult: "0x8000ffff (NS_ERROR_UNEXPECTED)"  location: "JS frame :: chrome://remote/content/cdp/observers/TargetObserver.jsm :: stop :: line 64"  data: no] Stack trace: stop()@TargetObserver.jsm:64
unwatchForTabs()@TargetList.jsm:70
unwatchForTargets()@TargetList.jsm:37
destructor()@TargetList.jsm:109
stop()@CDP.jsm:104
close()@RemoteAgent.jsm:138
1649746537104	geckodriver	INFO	Listening on 127.0.0.1:51935
1649746537679	mozrunner::runner	INFO	Running command: "D:\\study\\software\\firefox.exe" "--marionette" "--remote-debugging-port" "51936" "-no-remote" "-profile" "C:\\Users\\86135\\AppData\\Local\\Temp\\rust_mozprofileztw2KG"
1649746538460	Marionette	INFO	Marionette enabled
console.warn: SearchSettings: "get: No settings file exists, new profile?" (new NotFoundError("Could not open the file at C:\\Users\\86135\\AppData\\Local\\Temp\\rust_mozprofileztw2KG\\search.json.mozlz4", (void 0)))
DevTools listening on ws://localhost:51936/devtools/browser/60262426-44dd-446e-9b2b-eb7168fdc12a
1649746541435	Marionette	INFO	Listening on port 51940
1649746541890	RemoteAgent	WARN	TLS certificate errors will be ignored for this session
1649746548498	Marionette	INFO	Stopped listening on port 51940
JavaScript error: resource:///modules/Interactions.jsm, line 209: NS_ERROR_FAILURE: Component returned failure code: 0x80004005 (NS_ERROR_FAILURE) [nsIUserIdleService.removeIdleObserver]
!!! error running onStopped callback: TypeError: callback is not a function

###!!! [Parent][RunMessage] Error: Channel closing: too late to send/recv, messages will be lost

1649746549117	RemoteAgent	ERROR	unable to stop listener: [Exception... "Component returned failure code: 0x8000ffff (NS_ERROR_UNEXPECTED) [nsIWindowMediator.getEnumerator]"  nsresult: "0x8000ffff (NS_ERROR_UNEXPECTED)"  location: "JS frame :: chrome://remote/content/cdp/observers/TargetObserver.jsm :: stop :: line 64"  data: no] Stack trace: stop()@TargetObserver.jsm:64
unwatchForTabs()@TargetList.jsm:70
unwatchForTargets()@TargetList.jsm:37
destructor()@TargetList.jsm:109
stop()@CDP.jsm:104
close()@RemoteAgent.jsm:138
1649746658192	geckodriver	INFO	Listening on 127.0.0.1:52088
1649746658721	mozrunner::runner	INFO	Running command: "D:\\study\\software\\firefox.exe" "--marionette" "--remote-debugging-port" "52089" "-no-remote" "-profile" "C:\\Users\\86135\\AppData\\Local\\Temp\\rust_mozprofile5JHFsT"
1649746659496	Marionette	INFO	Marionette enabled
console.warn: SearchSettings: "get: No settings file exists, new profile?" (new NotFoundError("Could not open the file at C:\\Users\\86135\\AppData\\Local\\Temp\\rust_mozprofile5JHFsT\\search.json.mozlz4", (void 0)))
DevTools listening on ws://localhost:52089/devtools/browser/db47d476-6a2f-4079-a88d-b32def9cc868
1649746662335	Marionette	INFO	Listening on port 52093
1649746662407	RemoteAgent	WARN	TLS certificate errors will be ignored for this session
1649746668987	Marionette	INFO	Stopped listening on port 52093
JavaScript error: resource:///modules/Interactions.jsm, line 209: NS_ERROR_FAILURE: Component returned failure code: 0x80004005 (NS_ERROR_FAILURE) [nsIUserIdleService.removeIdleObserver]
!!! error running onStopped callback: TypeError: callback is not a function
JavaScript error: resource://gre/modules/AsyncShutdown.jsm, line 718: Error: Phase "profile-before-change" is finished, it is too late to register completion condition "ContentParent: id=7389000"
JavaScript error: resource://gre/modules/AsyncShutdown.jsm, line 718: Error: Phase "profile-before-change" is finished, it is too late to register completion condition "ContentParent: id=73dc000"
[Parent 13852, IPC I/O Parent] WARNING: file /builds/worker/checkouts/gecko/ipc/chromium/src/base/process_util_win.cc:167

###!!! [Parent][RunMessage] Error: Channel closing: too late to send/recv, messages will be lost

1649746669746	RemoteAgent	ERROR	unable to stop listener: [Exception... "Component returned failure code: 0x8000ffff (NS_ERROR_UNEXPECTED) [nsIWindowMediator.getEnumerator]"  nsresult: "0x8000ffff (NS_ERROR_UNEXPECTED)"  location: "JS frame :: chrome://remote/content/cdp/observers/TargetObserver.jsm :: stop :: line 64"  data: no] Stack trace: stop()@TargetObserver.jsm:64
unwatchForTabs()@TargetList.jsm:70
unwatchForTargets()@TargetList.jsm:37
destructor()@TargetList.jsm:109
stop()@CDP.jsm:104
close()@RemoteAgent.jsm:138
1650345814934	geckodriver	INFO	Listening on 127.0.0.1:59669
1650345815479	mozrunner::runner	INFO	Running command: "D:\\study\\software\\firefox.exe" "--marionette" "--remote-debugging-port" "59670" "-no-remote" "-profile" "C:\\Users\\86135\\AppData\\Local\\Temp\\rust_mozprofilefZuKia"
1650345816714	Marionette	INFO	Marionette enabled
console.warn: SearchSettings: "get: No settings file exists, new profile?" (new NotFoundError("Could not open the file at C:\\Users\\86135\\AppData\\Local\\Temp\\rust_mozprofilefZuKia\\search.json.mozlz4", (void 0)))
DevTools listening on ws://localhost:59670/devtools/browser/43b593d9-3910-4dba-8056-30f5317c9e45
1650345820419	Marionette	INFO	Listening on port 59680
1650345820844	RemoteAgent	WARN	TLS certificate errors will be ignored for this session
1650345827439	Marionette	INFO	Stopped listening on port 59680
JavaScript error: resource:///modules/Interactions.jsm, line 209: NS_ERROR_FAILURE: Component returned failure code: 0x80004005 (NS_ERROR_FAILURE) [nsIUserIdleService.removeIdleObserver]
!!! error running onStopped callback: TypeError: callback is not a function

###!!! [Parent][RunMessage] Error: Channel closing: too late to send/recv, messages will be lost

1650345828172	RemoteAgent	ERROR	unable to stop listener: [Exception... "Component returned failure code: 0x8000ffff (NS_ERROR_UNEXPECTED) [nsIWindowMediator.getEnumerator]"  nsresult: "0x8000ffff (NS_ERROR_UNEXPECTED)"  location: "JS frame :: chrome://remote/content/cdp/observers/TargetObserver.jsm :: stop :: line 64"  data: no] Stack trace: stop()@TargetObserver.jsm:64
unwatchForTabs()@TargetList.jsm:70
unwatchForTargets()@TargetList.jsm:37
destructor()@TargetList.jsm:109
stop()@CDP.jsm:104
close()@RemoteAgent.jsm:138
1650346241904	geckodriver	INFO	Listening on 127.0.0.1:50905
1650346242451	mozrunner::runner	INFO	Running command: "D:\\study\\software\\firefox.exe" "--marionette" "--remote-debugging-port" "50906" "-no-remote" "-profile" "C:\\Users\\86135\\AppData\\Local\\Temp\\rust_mozprofilehapXTR"
1650346243382	Marionette	INFO	Marionette enabled
console.warn: SearchSettings: "get: No settings file exists, new profile?" (new NotFoundError("Could not open the file at C:\\Users\\86135\\AppData\\Local\\Temp\\rust_mozprofilehapXTR\\search.json.mozlz4", (void 0)))
DevTools listening on ws://localhost:50906/devtools/browser/7d336b73-57b9-4545-97f8-0bfd8a934512
1650346247353	Marionette	INFO	Listening on port 50912
1650346247809	RemoteAgent	WARN	TLS certificate errors will be ignored for this session
1650346254393	Marionette	INFO	Stopped listening on port 50912
JavaScript error: resource:///modules/Interactions.jsm, line 209: NS_ERROR_FAILURE: Component returned failure code: 0x80004005 (NS_ERROR_FAILURE) [nsIUserIdleService.removeIdleObserver]
!!! error running onStopped callback: TypeError: callback is not a function
1650346255146	RemoteAgent	ERROR	unable to stop listener: [Exception... "Component returned failure code: 0x8000ffff (NS_ERROR_UNEXPECTED) [nsIWindowMediator.getEnumerator]"  nsresult: "0x8000ffff (NS_ERROR_UNEXPECTED)"  location: "JS frame :: chrome://remote/content/cdp/observers/TargetObserver.jsm :: stop :: line 64"  data: no] Stack trace: stop()@TargetObserver.jsm:64
unwatchForTabs()@TargetList.jsm:70
unwatchForTargets()@TargetList.jsm:37
destructor()@TargetList.jsm:109
stop()@CDP.jsm:104
close()@RemoteAgent.jsm:138
1650346925058	geckodriver	INFO	Listening on 127.0.0.1:52175
1650346925595	mozrunner::runner	INFO	Running command: "D:\\study\\software\\firefox.exe" "--marionette" "--remote-debugging-port" "52176" "-no-remote" "-profile" "C:\\Users\\86135\\AppData\\Local\\Temp\\rust_mozprofileWYdQac"
1650346926566	Marionette	INFO	Marionette enabled
console.warn: SearchSettings: "get: No settings file exists, new profile?" (new NotFoundError("Could not open the file at C:\\Users\\86135\\AppData\\Local\\Temp\\rust_mozprofileWYdQac\\search.json.mozlz4", (void 0)))
DevTools listening on ws://localhost:52176/devtools/browser/68eead61-775f-4dd8-aae8-388177a842b5
1650346930008	Marionette	INFO	Listening on port 52179
1650346930408	RemoteAgent	WARN	TLS certificate errors will be ignored for this session
console.error: Region.jsm: "Error fetching region" (new Error("TIMEOUT", "resource://gre/modules/Region.jsm", 772))
console.error: Region.jsm: "Failed to fetch region" (new Error("TIMEOUT", "resource://gre/modules/Region.jsm", 419))
1650346936964	Marionette	INFO	Stopped listening on port 52179
JavaScript error: resource:///modules/Interactions.jsm, line 209: NS_ERROR_FAILURE: Component returned failure code: 0x80004005 (NS_ERROR_FAILURE) [nsIUserIdleService.removeIdleObserver]
!!! error running onStopped callback: TypeError: callback is not a function
JavaScript error: resource://gre/modules/AsyncShutdown.jsm, line 718: Error: Phase "profile-before-change" is finished, it is too late to register completion condition "ContentParent: id=75f3c00"
JavaScript error: resource://gre/modules/AsyncShutdown.jsm, line 718: Error: Phase "profile-before-change" is finished, it is too late to register completion condition "ContentParent: id=75f5000"
[Parent 14924, IPC I/O Parent] WARNING: file /builds/worker/checkouts/gecko/ipc/chromium/src/base/process_util_win.cc:167

###!!! [Parent][RunMessage] Error: Channel closing: too late to send/recv, messages will be lost

1650346937945	RemoteAgent	ERROR	unable to stop listener: [Exception... "Component returned failure code: 0x8000ffff (NS_ERROR_UNEXPECTED) [nsIWindowMediator.getEnumerator]"  nsresult: "0x8000ffff (NS_ERROR_UNEXPECTED)"  location: "JS frame :: chrome://remote/content/cdp/observers/TargetObserver.jsm :: stop :: line 64"  data: no] Stack trace: stop()@TargetObserver.jsm:64
unwatchForTabs()@TargetList.jsm:70
unwatchForTargets()@TargetList.jsm:37
destructor()@TargetList.jsm:109
stop()@CDP.jsm:104
close()@RemoteAgent.jsm:138
1650347644899	geckodriver	INFO	Listening on 127.0.0.1:58425
1650347645446	mozrunner::runner	INFO	Running command: "D:\\study\\software\\firefox.exe" "--marionette" "--remote-debugging-port" "58426" "-no-remote" "-profile" "C:\\Users\\86135\\AppData\\Local\\Temp\\rust_mozprofileGcyr7W"
1650347646327	Marionette	INFO	Marionette enabled
console.warn: SearchSettings: "get: No settings file exists, new profile?" (new NotFoundError("Could not open the file at C:\\Users\\86135\\AppData\\Local\\Temp\\rust_mozprofileGcyr7W\\search.json.mozlz4", (void 0)))
DevTools listening on ws://localhost:58426/devtools/browser/70a0b8a1-946d-43f6-86c9-5d669e37d964
1650347649717	Marionette	INFO	Listening on port 58430
1650347649775	RemoteAgent	WARN	TLS certificate errors will be ignored for this session
1650347656299	Marionette	INFO	Stopped listening on port 58430
JavaScript error: resource:///modules/Interactions.jsm, line 209: NS_ERROR_FAILURE: Component returned failure code: 0x80004005 (NS_ERROR_FAILURE) [nsIUserIdleService.removeIdleObserver]
!!! error running onStopped callback: TypeError: callback is not a function
JavaScript error: resource://gre/modules/AsyncShutdown.jsm, line 718: Error: Phase "profile-before-change" is finished, it is too late to register completion condition "ContentParent: id=6d84800"
JavaScript error: resource://gre/modules/AsyncShutdown.jsm, line 718: Error: Phase "profile-before-change" is finished, it is too late to register completion condition "ContentParent: id=1da38c00"
[Parent 22056, IPC I/O Parent] WARNING: file /builds/worker/checkouts/gecko/ipc/chromium/src/base/process_util_win.cc:167
1650347657007	RemoteAgent	ERROR	unable to stop listener: [Exception... "Component returned failure code: 0x8000ffff (NS_ERROR_UNEXPECTED) [nsIWindowMediator.getEnumerator]"  nsresult: "0x8000ffff (NS_ERROR_UNEXPECTED)"  location: "JS frame :: chrome://remote/content/cdp/observers/TargetObserver.jsm :: stop :: line 64"  data: no] Stack trace: stop()@TargetObserver.jsm:64
unwatchForTabs()@TargetList.jsm:70
unwatchForTargets()@TargetList.jsm:37
destructor()@TargetList.jsm:109
stop()@CDP.jsm:104
close()@RemoteAgent.jsm:138
1650347836023	geckodriver	INFO	Listening on 127.0.0.1:58780
1650347836565	mozrunner::runner	INFO	Running command: "D:\\study\\software\\firefox.exe" "--marionette" "--remote-debugging-port" "58781" "-no-remote" "-profile" "C:\\Users\\86135\\AppData\\Local\\Temp\\rust_mozprofilek93ikd"
1650347837528	Marionette	INFO	Marionette enabled
console.warn: SearchSettings: "get: No settings file exists, new profile?" (new NotFoundError("Could not open the file at C:\\Users\\86135\\AppData\\Local\\Temp\\rust_mozprofilek93ikd\\search.json.mozlz4", (void 0)))
DevTools listening on ws://localhost:58781/devtools/browser/70a289c1-0ffd-45e2-bb95-a02e5d221f0c
1650347840912	Marionette	INFO	Listening on port 58784
1650347841392	RemoteAgent	WARN	TLS certificate errors will be ignored for this session
1650347847956	Marionette	INFO	Stopped listening on port 58784
JavaScript error: resource:///modules/Interactions.jsm, line 209: NS_ERROR_FAILURE: Component returned failure code: 0x80004005 (NS_ERROR_FAILURE) [nsIUserIdleService.removeIdleObserver]
!!! error running onStopped callback: TypeError: callback is not a function
JavaScript error: resource://gre/modules/AsyncShutdown.jsm, line 718: Error: Phase "profile-before-change" is finished, it is too late to register completion condition "ContentParent: id=6befc00"
JavaScript error: resource://gre/modules/AsyncShutdown.jsm, line 718: Error: Phase "profile-before-change" is finished, it is too late to register completion condition "ContentParent: id=6bfac00"
[Parent 13296, IPC I/O Parent] WARNING: file /builds/worker/checkouts/gecko/ipc/chromium/src/base/process_util_win.cc:167
1650347848940	RemoteAgent	ERROR	unable to stop listener: [Exception... "Component returned failure code: 0x8000ffff (NS_ERROR_UNEXPECTED) [nsIWindowMediator.getEnumerator]"  nsresult: "0x8000ffff (NS_ERROR_UNEXPECTED)"  location: "JS frame :: chrome://remote/content/cdp/observers/TargetObserver.jsm :: stop :: line 64"  data: no] Stack trace: stop()@TargetObserver.jsm:64
unwatchForTabs()@TargetList.jsm:70
unwatchForTargets()@TargetList.jsm:37
destructor()@TargetList.jsm:109
stop()@CDP.jsm:104
close()@RemoteAgent.jsm:138
1650348000766	geckodriver	INFO	Listening on 127.0.0.1:59068
1650348001318	mozrunner::runner	INFO	Running command: "D:\\study\\software\\firefox.exe" "--marionette" "--remote-debugging-port" "59069" "-no-remote" "-profile" "C:\\Users\\86135\\AppData\\Local\\Temp\\rust_mozprofiledecdSF"
1650348002198	Marionette	INFO	Marionette enabled
console.warn: SearchSettings: "get: No settings file exists, new profile?" (new NotFoundError("Could not open the file at C:\\Users\\86135\\AppData\\Local\\Temp\\rust_mozprofiledecdSF\\search.json.mozlz4", (void 0)))
DevTools listening on ws://localhost:59069/devtools/browser/ff709b68-0b3e-49b9-8934-8345dd2376b6
1650348006139	Marionette	INFO	Listening on port 59073
1650348006676	RemoteAgent	WARN	TLS certificate errors will be ignored for this session
1650348013170	Marionette	INFO	Stopped listening on port 59073
JavaScript error: resource:///modules/Interactions.jsm, line 209: NS_ERROR_FAILURE: Component returned failure code: 0x80004005 (NS_ERROR_FAILURE) [nsIUserIdleService.removeIdleObserver]
console.error: services.settings: 
  main/query-stripping Signature failed  TypeError: NetworkError when attempting to fetch resource.
!!! error running onStopped callback: TypeError: callback is not a function

###!!! [Parent][RunMessage] Error: Channel closing: too late to send/recv, messages will be lost

1650348013829	RemoteAgent	ERROR	unable to stop listener: [Exception... "Component returned failure code: 0x8000ffff (NS_ERROR_UNEXPECTED) [nsIWindowMediator.getEnumerator]"  nsresult: "0x8000ffff (NS_ERROR_UNEXPECTED)"  location: "JS frame :: chrome://remote/content/cdp/observers/TargetObserver.jsm :: stop :: line 64"  data: no] Stack trace: stop()@TargetObserver.jsm:64
unwatchForTabs()@TargetList.jsm:70
unwatchForTargets()@TargetList.jsm:37
destructor()@TargetList.jsm:109
stop()@CDP.jsm:104
close()@RemoteAgent.jsm:138
1650348063401	geckodriver	INFO	Listening on 127.0.0.1:59212
1650348063932	mozrunner::runner	INFO	Running command: "D:\\study\\software\\firefox.exe" "--marionette" "--remote-debugging-port" "59213" "-no-remote" "-profile" "C:\\Users\\86135\\AppData\\Local\\Temp\\rust_mozprofileseJ2Bu"
1650348064870	Marionette	INFO	Marionette enabled
console.warn: SearchSettings: "get: No settings file exists, new profile?" (new NotFoundError("Could not open the file at C:\\Users\\86135\\AppData\\Local\\Temp\\rust_mozprofileseJ2Bu\\search.json.mozlz4", (void 0)))
DevTools listening on ws://localhost:59213/devtools/browser/5e98297e-f43b-4470-be78-7b77d4a8fc2a
1650348068452	Marionette	INFO	Listening on port 59216
1650348068775	RemoteAgent	WARN	TLS certificate errors will be ignored for this session
1650348075373	Marionette	INFO	Stopped listening on port 59216
JavaScript error: resource://gre/modules/UrlClassifierListManager.jsm, line 691: TypeError: this.tablesData[table] is undefined
JavaScript error: resource:///modules/Interactions.jsm, line 209: NS_ERROR_FAILURE: Component returned failure code: 0x80004005 (NS_ERROR_FAILURE) [nsIUserIdleService.removeIdleObserver]
console.error: services.settings: 
  main/query-stripping Signature failed  TypeError: NetworkError when attempting to fetch resource.
!!! error running onStopped callback: TypeError: callback is not a function

###!!! [Parent][RunMessage] Error: Channel closing: too late to send/recv, messages will be lost

1650348076116	RemoteAgent	ERROR	unable to stop listener: [Exception... "Component returned failure code: 0x8000ffff (NS_ERROR_UNEXPECTED) [nsIWindowMediator.getEnumerator]"  nsresult: "0x8000ffff (NS_ERROR_UNEXPECTED)"  location: "JS frame :: chrome://remote/content/cdp/observers/TargetObserver.jsm :: stop :: line 64"  data: no] Stack trace: stop()@TargetObserver.jsm:64
unwatchForTabs()@TargetList.jsm:70
unwatchForTargets()@TargetList.jsm:37
destructor()@TargetList.jsm:109
stop()@CDP.jsm:104
close()@RemoteAgent.jsm:138
1650348166315	geckodriver	INFO	Listening on 127.0.0.1:59425
1650348166852	mozrunner::runner	INFO	Running command: "D:\\study\\software\\firefox.exe" "--marionette" "--remote-debugging-port" "59426" "-no-remote" "-profile" "C:\\Users\\86135\\AppData\\Local\\Temp\\rust_mozprofilexdpWct"
1650348167763	Marionette	INFO	Marionette enabled
console.warn: SearchSettings: "get: No settings file exists, new profile?" (new NotFoundError("Could not open the file at C:\\Users\\86135\\AppData\\Local\\Temp\\rust_mozprofilexdpWct\\search.json.mozlz4", (void 0)))
DevTools listening on ws://localhost:59426/devtools/browser/532cd323-45b2-43c7-9e64-a550cfbc0cca
1650348171192	Marionette	INFO	Listening on port 59432
1650348171673	RemoteAgent	WARN	TLS certificate errors will be ignored for this session
1650348178213	Marionette	INFO	Stopped listening on port 59432
JavaScript error: resource:///modules/Interactions.jsm, line 209: NS_ERROR_FAILURE: Component returned failure code: 0x80004005 (NS_ERROR_FAILURE) [nsIUserIdleService.removeIdleObserver]
console.error: services.settings: 
  main/query-stripping Signature failed  TypeError: NetworkError when attempting to fetch resource.
!!! error running onStopped callback: TypeError: callback is not a function
JavaScript error: resource://gre/modules/AsyncShutdown.jsm, line 718: Error: Phase "profile-before-change" is finished, it is too late to register completion condition "ContentParent: id=75ef000"
JavaScript error: resource://gre/modules/AsyncShutdown.jsm, line 718: Error: Phase "profile-before-change" is finished, it is too late to register completion condition "ContentParent: id=75f7800"
[Parent 2352, IPC I/O Parent] WARNING: file /builds/worker/checkouts/gecko/ipc/chromium/src/base/process_util_win.cc:167

###!!! [Parent][RunMessage] Error: Channel closing: too late to send/recv, messages will be lost

1650348179051	RemoteAgent	ERROR	unable to stop listener: [Exception... "Component returned failure code: 0x8000ffff (NS_ERROR_UNEXPECTED) [nsIWindowMediator.getEnumerator]"  nsresult: "0x8000ffff (NS_ERROR_UNEXPECTED)"  location: "JS frame :: chrome://remote/content/cdp/observers/TargetObserver.jsm :: stop :: line 64"  data: no] Stack trace: stop()@TargetObserver.jsm:64
unwatchForTabs()@TargetList.jsm:70
unwatchForTargets()@TargetList.jsm:37
destructor()@TargetList.jsm:109
stop()@CDP.jsm:104
close()@RemoteAgent.jsm:138
1650348443130	geckodriver	INFO	Listening on 127.0.0.1:59924
1650348443664	mozrunner::runner	INFO	Running command: "D:\\study\\software\\firefox.exe" "--marionette" "--remote-debugging-port" "59925" "-no-remote" "-profile" "C:\\Users\\86135\\AppData\\Local\\Temp\\rust_mozprofile4b32Py"
1650348444621	Marionette	INFO	Marionette enabled
console.warn: SearchSettings: "get: No settings file exists, new profile?" (new NotFoundError("Could not open the file at C:\\Users\\86135\\AppData\\Local\\Temp\\rust_mozprofile4b32Py\\search.json.mozlz4", (void 0)))
DevTools listening on ws://localhost:59925/devtools/browser/87ce792f-90ad-4f74-af58-4cd1c026f0d4
1650348448135	Marionette	INFO	Listening on port 59929
1650348448523	RemoteAgent	WARN	TLS certificate errors will be ignored for this session
1650348455210	Marionette	INFO	Stopped listening on port 59929
JavaScript error: resource:///modules/Interactions.jsm, line 209: NS_ERROR_FAILURE: Component returned failure code: 0x80004005 (NS_ERROR_FAILURE) [nsIUserIdleService.removeIdleObserver]
!!! error running onStopped callback: TypeError: callback is not a function
JavaScript error: resource://gre/modules/AsyncShutdown.jsm, line 718: Error: Phase "profile-before-change" is finished, it is too late to register completion condition "ContentParent: id=6bdec00"
JavaScript error: resource://gre/modules/AsyncShutdown.jsm, line 718: Error: Phase "profile-before-change" is finished, it is too late to register completion condition "ContentParent: id=6b88000"
[Parent 13216, IPC I/O Parent] WARNING: file /builds/worker/checkouts/gecko/ipc/chromium/src/base/process_util_win.cc:167
1650348456313	RemoteAgent	ERROR	unable to stop listener: [Exception... "Component returned failure code: 0x8000ffff (NS_ERROR_UNEXPECTED) [nsIWindowMediator.getEnumerator]"  nsresult: "0x8000ffff (NS_ERROR_UNEXPECTED)"  location: "JS frame :: chrome://remote/content/cdp/observers/TargetObserver.jsm :: stop :: line 64"  data: no] Stack trace: stop()@TargetObserver.jsm:64
unwatchForTabs()@TargetList.jsm:70
unwatchForTargets()@TargetList.jsm:37
destructor()@TargetList.jsm:109
stop()@CDP.jsm:104
close()@RemoteAgent.jsm:138
1650348590449	geckodriver	INFO	Listening on 127.0.0.1:60193
1650348590974	mozrunner::runner	INFO	Running command: "D:\\study\\software\\firefox.exe" "--marionette" "--remote-debugging-port" "60194" "-no-remote" "-profile" "C:\\Users\\86135\\AppData\\Local\\Temp\\rust_mozprofileCGJnPv"
1650348591749	Marionette	INFO	Marionette enabled
console.warn: SearchSettings: "get: No settings file exists, new profile?" (new NotFoundError("Could not open the file at C:\\Users\\86135\\AppData\\Local\\Temp\\rust_mozprofileCGJnPv\\search.json.mozlz4", (void 0)))
DevTools listening on ws://localhost:60194/devtools/browser/87f97713-c142-420f-a537-5f75d142137a
1650348594772	Marionette	INFO	Listening on port 60197
1650348595206	RemoteAgent	WARN	TLS certificate errors will be ignored for this session
1650348601802	Marionette	INFO	Stopped listening on port 60197
JavaScript error: resource:///modules/Interactions.jsm, line 209: NS_ERROR_FAILURE: Component returned failure code: 0x80004005 (NS_ERROR_FAILURE) [nsIUserIdleService.removeIdleObserver]
!!! error running onStopped callback: TypeError: callback is not a function

###!!! [Parent][RunMessage] Error: Channel closing: too late to send/recv, messages will be lost

1650348602378	RemoteAgent	ERROR	unable to stop listener: [Exception... "Component returned failure code: 0x8000ffff (NS_ERROR_UNEXPECTED) [nsIWindowMediator.getEnumerator]"  nsresult: "0x8000ffff (NS_ERROR_UNEXPECTED)"  location: "JS frame :: chrome://remote/content/cdp/observers/TargetObserver.jsm :: stop :: line 64"  data: no] Stack trace: stop()@TargetObserver.jsm:64
unwatchForTabs()@TargetList.jsm:70
unwatchForTargets()@TargetList.jsm:37
destructor()@TargetList.jsm:109
stop()@CDP.jsm:104
close()@RemoteAgent.jsm:138
1650348662999	geckodriver	INFO	Listening on 127.0.0.1:60346
1650348663531	mozrunner::runner	INFO	Running command: "D:\\study\\software\\firefox.exe" "--marionette" "--remote-debugging-port" "60347" "-no-remote" "-profile" "C:\\Users\\86135\\AppData\\Local\\Temp\\rust_mozprofilemy30D0"
1650348664479	Marionette	INFO	Marionette enabled
console.warn: SearchSettings: "get: No settings file exists, new profile?" (new NotFoundError("Could not open the file at C:\\Users\\86135\\AppData\\Local\\Temp\\rust_mozprofilemy30D0\\search.json.mozlz4", (void 0)))
DevTools listening on ws://localhost:60347/devtools/browser/5c995869-2223-4818-ae83-67bfe5588c2d
1650348668204	Marionette	INFO	Listening on port 60350
1650348668392	RemoteAgent	WARN	TLS certificate errors will be ignored for this session
console.error: Region.jsm: "Error fetching region" (new Error("TIMEOUT", "resource://gre/modules/Region.jsm", 772))
console.error: Region.jsm: "Failed to fetch region" (new Error("TIMEOUT", "resource://gre/modules/Region.jsm", 419))
1650348675073	Marionette	INFO	Stopped listening on port 60350
JavaScript error: resource:///modules/Interactions.jsm, line 209: NS_ERROR_FAILURE: Component returned failure code: 0x80004005 (NS_ERROR_FAILURE) [nsIUserIdleService.removeIdleObserver]
[Parent 16160, IPC I/O Parent] WARNING: pipe error: 232: file /builds/worker/checkouts/gecko/ipc/chromium/src/chrome/common/ipc_channel_win.cc:544
!!! error running onStopped callback: TypeError: callback is not a function

###!!! [Parent][RunMessage] Error: Channel closing: too late to send/recv, messages will be lost

1650348676148	RemoteAgent	ERROR	unable to stop listener: [Exception... "Component returned failure code: 0x8000ffff (NS_ERROR_UNEXPECTED) [nsIWindowMediator.getEnumerator]"  nsresult: "0x8000ffff (NS_ERROR_UNEXPECTED)"  location: "JS frame :: chrome://remote/content/cdp/observers/TargetObserver.jsm :: stop :: line 64"  data: no] Stack trace: stop()@TargetObserver.jsm:64
unwatchForTabs()@TargetList.jsm:70
unwatchForTargets()@TargetList.jsm:37
destructor()@TargetList.jsm:109
stop()@CDP.jsm:104
close()@RemoteAgent.jsm:138
1650348738574	geckodriver	INFO	Listening on 127.0.0.1:60498
1650348739112	mozrunner::runner	INFO	Running command: "D:\\study\\software\\firefox.exe" "--marionette" "--remote-debugging-port" "60499" "-no-remote" "-profile" "C:\\Users\\86135\\AppData\\Local\\Temp\\rust_mozprofileB8KMnz"
1650348739895	Marionette	INFO	Marionette enabled
console.warn: SearchSettings: "get: No settings file exists, new profile?" (new NotFoundError("Could not open the file at C:\\Users\\86135\\AppData\\Local\\Temp\\rust_mozprofileB8KMnz\\search.json.mozlz4", (void 0)))
DevTools listening on ws://localhost:60499/devtools/browser/d73e635c-0e97-426c-ad92-a14437de6574
1650348742772	Marionette	INFO	Listening on port 60503
1650348742824	RemoteAgent	WARN	TLS certificate errors will be ignored for this session
1650348749324	Marionette	INFO	Stopped listening on port 60503
JavaScript error: resource:///modules/Interactions.jsm, line 209: NS_ERROR_FAILURE: Component returned failure code: 0x80004005 (NS_ERROR_FAILURE) [nsIUserIdleService.removeIdleObserver]
!!! error running onStopped callback: TypeError: callback is not a function
JavaScript error: resource://gre/modules/AsyncShutdown.jsm, line 718: Error: Phase "profile-before-change" is finished, it is too late to register completion condition "ContentParent: id=6885000"
JavaScript error: resource://gre/modules/AsyncShutdown.jsm, line 718: Error: Phase "profile-before-change" is finished, it is too late to register completion condition "ContentParent: id=688ac00"
[Parent 8196, IPC I/O Parent] WARNING: file /builds/worker/checkouts/gecko/ipc/chromium/src/base/process_util_win.cc:167

###!!! [Parent][RunMessage] Error: Channel closing: too late to send/recv, messages will be lost

1650348749963	RemoteAgent	ERROR	unable to stop listener: [Exception... "Component returned failure code: 0x8000ffff (NS_ERROR_UNEXPECTED) [nsIWindowMediator.getEnumerator]"  nsresult: "0x8000ffff (NS_ERROR_UNEXPECTED)"  location: "JS frame :: chrome://remote/content/cdp/observers/TargetObserver.jsm :: stop :: line 64"  data: no] Stack trace: stop()@TargetObserver.jsm:64
unwatchForTabs()@TargetList.jsm:70
unwatchForTargets()@TargetList.jsm:37
destructor()@TargetList.jsm:109
stop()@CDP.jsm:104
close()@RemoteAgent.jsm:138
1650348803829	geckodriver	INFO	Listening on 127.0.0.1:60635
1650348804363	mozrunner::runner	INFO	Running command: "D:\\study\\software\\firefox.exe" "--marionette" "--remote-debugging-port" "60636" "-no-remote" "-profile" "C:\\Users\\86135\\AppData\\Local\\Temp\\rust_mozprofile815FMf"
1650348805179	Marionette	INFO	Marionette enabled
console.warn: SearchSettings: "get: No settings file exists, new profile?" (new NotFoundError("Could not open the file at C:\\Users\\86135\\AppData\\Local\\Temp\\rust_mozprofile815FMf\\search.json.mozlz4", (void 0)))
DevTools listening on ws://localhost:60636/devtools/browser/8b37f5de-fafb-45db-9c83-ac5ac66df833
1650348808360	Marionette	INFO	Listening on port 60640
1650348808581	RemoteAgent	WARN	TLS certificate errors will be ignored for this session
1650348815225	Marionette	INFO	Stopped listening on port 60640
JavaScript error: resource:///modules/Interactions.jsm, line 209: NS_ERROR_FAILURE: Component returned failure code: 0x80004005 (NS_ERROR_FAILURE) [nsIUserIdleService.removeIdleObserver]
!!! error running onStopped callback: TypeError: callback is not a function
JavaScript error: resource://gre/modules/AsyncShutdown.jsm, line 718: Error: Phase "profile-before-change" is finished, it is too late to register completion condition "ContentParent: id=70d4000"
JavaScript error: resource://gre/modules/AsyncShutdown.jsm, line 718: Error: Phase "profile-before-change" is finished, it is too late to register completion condition "ContentParent: id=7088800"
[Parent 20824, IPC I/O Parent] WARNING: file /builds/worker/checkouts/gecko/ipc/chromium/src/base/process_util_win.cc:167
1650348816030	RemoteAgent	ERROR	unable to stop listener: [Exception... "Component returned failure code: 0x8000ffff (NS_ERROR_UNEXPECTED) [nsIWindowMediator.getEnumerator]"  nsresult: "0x8000ffff (NS_ERROR_UNEXPECTED)"  location: "JS frame :: chrome://remote/content/cdp/observers/TargetObserver.jsm :: stop :: line 64"  data: no] Stack trace: stop()@TargetObserver.jsm:64
unwatchForTabs()@TargetList.jsm:70
unwatchForTargets()@TargetList.jsm:37
destructor()@TargetList.jsm:109
stop()@CDP.jsm:104
close()@RemoteAgent.jsm:138
1650348898346	geckodriver	INFO	Listening on 127.0.0.1:60816
1650348898903	mozrunner::runner	INFO	Running command: "D:\\study\\software\\firefox.exe" "--marionette" "--remote-debugging-port" "60817" "-no-remote" "-profile" "C:\\Users\\86135\\AppData\\Local\\Temp\\rust_mozprofile1I9fwV"
1650348899683	Marionette	INFO	Marionette enabled
console.warn: SearchSettings: "get: No settings file exists, new profile?" (new NotFoundError("Could not open the file at C:\\Users\\86135\\AppData\\Local\\Temp\\rust_mozprofile1I9fwV\\search.json.mozlz4", (void 0)))
DevTools listening on ws://localhost:60817/devtools/browser/5057a1d5-0919-49f4-b0e1-808b1e24b0aa
1650348902513	Marionette	INFO	Listening on port 60823
1650348902631	RemoteAgent	WARN	TLS certificate errors will be ignored for this session
1650348909194	Marionette	INFO	Stopped listening on port 60823
JavaScript error: resource:///modules/Interactions.jsm, line 209: NS_ERROR_FAILURE: Component returned failure code: 0x80004005 (NS_ERROR_FAILURE) [nsIUserIdleService.removeIdleObserver]
!!! error running onStopped callback: TypeError: callback is not a function
JavaScript error: resource://gre/modules/AsyncShutdown.jsm, line 718: Error: Phase "profile-before-change" is finished, it is too late to register completion condition "ContentParent: id=6787800"
JavaScript error: resource://gre/modules/AsyncShutdown.jsm, line 718: Error: Phase "profile-before-change" is finished, it is too late to register completion condition "ContentParent: id=67f6400"
[Parent 12560, IPC I/O Parent] WARNING: file /builds/worker/checkouts/gecko/ipc/chromium/src/base/process_util_win.cc:167

###!!! [Parent][RunMessage] Error: Channel closing: too late to send/recv, messages will be lost

1650348909826	RemoteAgent	ERROR	unable to stop listener: [Exception... "Component returned failure code: 0x8000ffff (NS_ERROR_UNEXPECTED) [nsIWindowMediator.getEnumerator]"  nsresult: "0x8000ffff (NS_ERROR_UNEXPECTED)"  location: "JS frame :: chrome://remote/content/cdp/observers/TargetObserver.jsm :: stop :: line 64"  data: no] Stack trace: stop()@TargetObserver.jsm:64
unwatchForTabs()@TargetList.jsm:70
unwatchForTargets()@TargetList.jsm:37
destructor()@TargetList.jsm:109
stop()@CDP.jsm:104
close()@RemoteAgent.jsm:138
1650349154089	geckodriver	INFO	Listening on 127.0.0.1:61255
1650349154133	mozrunner::runner	INFO	Running command: "D:\\study\\software\\firefox.exe" "--marionette" "--remote-debugging-port" "61256" "-no-remote" "-profile" "C:\\Users\\86135\\AppData\\Local\\Temp\\rust_mozprofileOMrDDQ"
1650349154924	Marionette	INFO	Marionette enabled
console.warn: SearchSettings: "get: No settings file exists, new profile?" (new NotFoundError("Could not open the file at C:\\Users\\86135\\AppData\\Local\\Temp\\rust_mozprofileOMrDDQ\\search.json.mozlz4", (void 0)))
DevTools listening on ws://localhost:61256/devtools/browser/d710e5ba-0bc9-4336-8f08-57b808206860
1650349157859	Marionette	INFO	Listening on port 61259
1650349158352	RemoteAgent	WARN	TLS certificate errors will be ignored for this session
1650349158813	Marionette	INFO	Stopped listening on port 61259
JavaScript error: resource:///modules/Interactions.jsm, line 209: NS_ERROR_FAILURE: Component returned failure code: 0x80004005 (NS_ERROR_FAILURE) [nsIUserIdleService.removeIdleObserver]
console.error: Region.jsm: "Error fetching region" (new TypeError("NetworkError when attempting to fetch resource.", ""))
console.error: Region.jsm: "Failed to fetch region" (new Error("NO_RESULT", "resource://gre/modules/Region.jsm", 419))
!!! error running onStopped callback: TypeError: callback is not a function

###!!! [Parent][RunMessage] Error: Channel closing: too late to send/recv, messages will be lost

1650349159467	RemoteAgent	ERROR	unable to stop listener: [Exception... "Component returned failure code: 0x8000ffff (NS_ERROR_UNEXPECTED) [nsIWindowMediator.getEnumerator]"  nsresult: "0x8000ffff (NS_ERROR_UNEXPECTED)"  location: "JS frame :: chrome://remote/content/cdp/observers/TargetObserver.jsm :: stop :: line 64"  data: no] Stack trace: stop()@TargetObserver.jsm:64
unwatchForTabs()@TargetList.jsm:70
unwatchForTargets()@TargetList.jsm:37
destructor()@TargetList.jsm:109
stop()@CDP.jsm:104
close()@RemoteAgent.jsm:138
1650949540146	geckodriver	INFO	Listening on 127.0.0.1:62244
1650949540684	mozrunner::runner	INFO	Running command: "D:\\study\\software\\firefox.exe" "--marionette" "--remote-debugging-port" "62245" "-no-remote" "-profile" "C:\\Users\\86135\\AppData\\Local\\Temp\\rust_mozprofileFZxTxb"
1650949541911	Marionette	INFO	Marionette enabled
console.warn: SearchSettings: "get: No settings file exists, new profile?" (new NotFoundError("Could not open the file at C:\\Users\\86135\\AppData\\Local\\Temp\\rust_mozprofileFZxTxb\\search.json.mozlz4", (void 0)))
DevTools listening on ws://localhost:62245/devtools/browser/85c3b5f7-e589-4be9-8fb8-cb79b70f8b44
1650949545258	Marionette	INFO	Listening on port 62249
1650949545619	RemoteAgent	WARN	TLS certificate errors will be ignored for this session
1650949546311	Marionette	INFO	Stopped listening on port 62249
JavaScript error: resource:///modules/Interactions.jsm, line 209: NS_ERROR_FAILURE: Component returned failure code: 0x80004005 (NS_ERROR_FAILURE) [nsIUserIdleService.removeIdleObserver]
!!! error running onStopped callback: TypeError: callback is not a function
[Parent 9132, IPC I/O Parent] WARNING: file /builds/worker/checkouts/gecko/ipc/chromium/src/base/process_util_win.cc:167

###!!! [Parent][RunMessage] Error: Channel closing: too late to send/recv, messages will be lost

1650949547193	RemoteAgent	ERROR	unable to stop listener: [Exception... "Component returned failure code: 0x8000ffff (NS_ERROR_UNEXPECTED) [nsIWindowMediator.getEnumerator]"  nsresult: "0x8000ffff (NS_ERROR_UNEXPECTED)"  location: "JS frame :: chrome://remote/content/cdp/observers/TargetObserver.jsm :: stop :: line 64"  data: no] Stack trace: stop()@TargetObserver.jsm:64
unwatchForTabs()@TargetList.jsm:70
unwatchForTargets()@TargetList.jsm:37
destructor()@TargetList.jsm:109
stop()@CDP.jsm:104
close()@RemoteAgent.jsm:138
1650950613548	geckodriver	INFO	Listening on 127.0.0.1:62371
1650950613570	mozrunner::runner	INFO	Running command: "D:\\study\\software\\firefox.exe" "--marionette" "--remote-debugging-port" "62372" "-no-remote" "-profile" "C:\\Users\\86135\\AppData\\Local\\Temp\\rust_mozprofileUZOo6Y"
1650950614411	Marionette	INFO	Marionette enabled
console.warn: SearchSettings: "get: No settings file exists, new profile?" (new NotFoundError("Could not open the file at C:\\Users\\86135\\AppData\\Local\\Temp\\rust_mozprofileUZOo6Y\\search.json.mozlz4", (void 0)))
DevTools listening on ws://localhost:62372/devtools/browser/3fefb1b9-8221-4d68-bee9-6ce73e86c942
1650950617334	Marionette	INFO	Listening on port 62375
1650950617770	RemoteAgent	WARN	TLS certificate errors will be ignored for this session
1650950618196	Marionette	INFO	Stopped listening on port 62375
JavaScript error: resource:///modules/Interactions.jsm, line 209: NS_ERROR_FAILURE: Component returned failure code: 0x80004005 (NS_ERROR_FAILURE) [nsIUserIdleService.removeIdleObserver]
console.error: Region.jsm: "Error fetching region" (new TypeError("NetworkError when attempting to fetch resource.", ""))
console.error: Region.jsm: "Failed to fetch region" (new Error("NO_RESULT", "resource://gre/modules/Region.jsm", 419))
!!! error running onStopped callback: TypeError: callback is not a function

###!!! [Parent][RunMessage] Error: Channel closing: too late to send/recv, messages will be lost

1650950619734	RemoteAgent	ERROR	unable to stop listener: [Exception... "Component returned failure code: 0x8000ffff (NS_ERROR_UNEXPECTED) [nsIWindowMediator.getEnumerator]"  nsresult: "0x8000ffff (NS_ERROR_UNEXPECTED)"  location: "JS frame :: chrome://remote/content/cdp/observers/TargetObserver.jsm :: stop :: line 64"  data: no] Stack trace: stop()@TargetObserver.jsm:64
unwatchForTabs()@TargetList.jsm:70
unwatchForTargets()@TargetList.jsm:37
destructor()@TargetList.jsm:109
stop()@CDP.jsm:104
close()@RemoteAgent.jsm:138
1650951300725	geckodriver	INFO	Listening on 127.0.0.1:64414
1650951301262	mozrunner::runner	INFO	Running command: "D:\\study\\software\\firefox.exe" "--marionette" "--remote-debugging-port" "64415" "-no-remote" "-profile" "C:\\Users\\86135\\AppData\\Local\\Temp\\rust_mozprofilemui1QV"
1650951302095	Marionette	INFO	Marionette enabled
console.warn: SearchSettings: "get: No settings file exists, new profile?" (new NotFoundError("Could not open the file at C:\\Users\\86135\\AppData\\Local\\Temp\\rust_mozprofilemui1QV\\search.json.mozlz4", (void 0)))
DevTools listening on ws://localhost:64415/devtools/browser/307c3091-2e1e-4b79-9a1a-b21a0947385d
1650951306082	Marionette	INFO	Listening on port 64419
1650951306618	RemoteAgent	WARN	TLS certificate errors will be ignored for this session
1650951307237	Marionette	INFO	Stopped listening on port 64419
JavaScript error: resource:///modules/Interactions.jsm, line 209: NS_ERROR_FAILURE: Component returned failure code: 0x80004005 (NS_ERROR_FAILURE) [nsIUserIdleService.removeIdleObserver]
!!! error running onStopped callback: TypeError: callback is not a function
[Parent 26348, IPC I/O Parent] WARNING: file /builds/worker/checkouts/gecko/ipc/chromium/src/base/process_util_win.cc:167

###!!! [Parent][RunMessage] Error: Channel closing: too late to send/recv, messages will be lost

1650951308352	RemoteAgent	ERROR	unable to stop listener: [Exception... "Component returned failure code: 0x8000ffff (NS_ERROR_UNEXPECTED) [nsIWindowMediator.getEnumerator]"  nsresult: "0x8000ffff (NS_ERROR_UNEXPECTED)"  location: "JS frame :: chrome://remote/content/cdp/observers/TargetObserver.jsm :: stop :: line 64"  data: no] Stack trace: stop()@TargetObserver.jsm:64
unwatchForTabs()@TargetList.jsm:70
unwatchForTargets()@TargetList.jsm:37
destructor()@TargetList.jsm:109
stop()@CDP.jsm:104
close()@RemoteAgent.jsm:138
1650951800794	geckodriver	INFO	Listening on 127.0.0.1:65008
1650951801343	mozrunner::runner	INFO	Running command: "D:\\study\\software\\firefox.exe" "--marionette" "--remote-debugging-port" "65009" "-no-remote" "-profile" "C:\\Users\\86135\\AppData\\Local\\Temp\\rust_mozprofileoC7umZ"
1650951802131	Marionette	INFO	Marionette enabled
console.warn: SearchSettings: "get: No settings file exists, new profile?" (new NotFoundError("Could not open the file at C:\\Users\\86135\\AppData\\Local\\Temp\\rust_mozprofileoC7umZ\\search.json.mozlz4", (void 0)))
DevTools listening on ws://localhost:65009/devtools/browser/63b3dadf-268d-4577-bbe3-814ef2f70404
1650951805141	Marionette	INFO	Listening on port 65012
1650951805567	RemoteAgent	WARN	TLS certificate errors will be ignored for this session
1650951807124	Marionette	INFO	Stopped listening on port 65012
JavaScript error: resource:///modules/Interactions.jsm, line 209: NS_ERROR_FAILURE: Component returned failure code: 0x80004005 (NS_ERROR_FAILURE) [nsIUserIdleService.removeIdleObserver]
console.error: services.settings: 
  main/query-stripping Signature failed  TypeError: NetworkError when attempting to fetch resource.
!!! error running onStopped callback: TypeError: callback is not a function
JavaScript error: resource://gre/modules/AsyncShutdown.jsm, line 718: Error: Phase "profile-before-change" is finished, it is too late to register completion condition "ContentParent: id=737e000"
JavaScript error: resource://gre/modules/AsyncShutdown.jsm, line 718: Error: Phase "profile-before-change" is finished, it is too late to register completion condition "ContentParent: id=73d4400"
[Parent 22876, IPC I/O Parent] WARNING: file /builds/worker/checkouts/gecko/ipc/chromium/src/base/process_util_win.cc:167

###!!! [Parent][RunMessage] Error: Channel closing: too late to send/recv, messages will be lost

1650951807882	RemoteAgent	ERROR	unable to stop listener: [Exception... "Component returned failure code: 0x8000ffff (NS_ERROR_UNEXPECTED) [nsIWindowMediator.getEnumerator]"  nsresult: "0x8000ffff (NS_ERROR_UNEXPECTED)"  location: "JS frame :: chrome://remote/content/cdp/observers/TargetObserver.jsm :: stop :: line 64"  data: no] Stack trace: stop()@TargetObserver.jsm:64
unwatchForTabs()@TargetList.jsm:70
unwatchForTargets()@TargetList.jsm:37
destructor()@TargetList.jsm:109
stop()@CDP.jsm:104
close()@RemoteAgent.jsm:138
1650952132740	geckodriver	INFO	Listening on 127.0.0.1:65418
1650952133283	mozrunner::runner	INFO	Running command: "D:\\study\\software\\firefox.exe" "--marionette" "--remote-debugging-port" "65419" "-no-remote" "-profile" "C:\\Users\\86135\\AppData\\Local\\Temp\\rust_mozprofilegC2Y6L"
1650952134223	Marionette	INFO	Marionette enabled
console.warn: SearchSettings: "get: No settings file exists, new profile?" (new NotFoundError("Could not open the file at C:\\Users\\86135\\AppData\\Local\\Temp\\rust_mozprofilegC2Y6L\\search.json.mozlz4", (void 0)))
DevTools listening on ws://localhost:65419/devtools/browser/cc07da4f-d5fd-43e8-ae75-745069e43a58
1650952137792	Marionette	INFO	Listening on port 65422
1650952138120	RemoteAgent	WARN	TLS certificate errors will be ignored for this session
1650952138927	Marionette	INFO	Stopped listening on port 65422
JavaScript error: resource:///modules/Interactions.jsm, line 209: NS_ERROR_FAILURE: Component returned failure code: 0x80004005 (NS_ERROR_FAILURE) [nsIUserIdleService.removeIdleObserver]
console.error: Region.jsm: "Error fetching region" (new TypeError("NetworkError when attempting to fetch resource.", ""))
console.error: Region.jsm: "Failed to fetch region" (new Error("NO_RESULT", "resource://gre/modules/Region.jsm", 419))
!!! error running onStopped callback: TypeError: callback is not a function
JavaScript error: resource://gre/modules/AsyncShutdown.jsm, line 718: Error: Phase "profile-before-change" is finished, it is too late to register completion condition "ContentParent: id=6aee400"
JavaScript error: resource://gre/modules/AsyncShutdown.jsm, line 718: Error: Phase "profile-before-change" is finished, it is too late to register completion condition "ContentParent: id=1df50400"
[Parent 11544, IPC I/O Parent] WARNING: file /builds/worker/checkouts/gecko/ipc/chromium/src/base/process_util_win.cc:167

###!!! [Parent][RunMessage] Error: Channel closing: too late to send/recv, messages will be lost

1650952139911	RemoteAgent	ERROR	unable to stop listener: [Exception... "Component returned failure code: 0x8000ffff (NS_ERROR_UNEXPECTED) [nsIWindowMediator.getEnumerator]"  nsresult: "0x8000ffff (NS_ERROR_UNEXPECTED)"  location: "JS frame :: chrome://remote/content/cdp/observers/TargetObserver.jsm :: stop :: line 64"  data: no] Stack trace: stop()@TargetObserver.jsm:64
unwatchForTabs()@TargetList.jsm:70
unwatchForTargets()@TargetList.jsm:37
destructor()@TargetList.jsm:109
stop()@CDP.jsm:104
close()@RemoteAgent.jsm:138
1650952736035	geckodriver	INFO	Listening on 127.0.0.1:49746
1650952736575	mozrunner::runner	INFO	Running command: "D:\\study\\software\\firefox.exe" "--marionette" "--remote-debugging-port" "49747" "-no-remote" "-profile" "C:\\Users\\86135\\AppData\\Local\\Temp\\rust_mozprofileGM7uY1"
1650952737463	Marionette	INFO	Marionette enabled
console.warn: SearchSettings: "get: No settings file exists, new profile?" (new NotFoundError("Could not open the file at C:\\Users\\86135\\AppData\\Local\\Temp\\rust_mozprofileGM7uY1\\search.json.mozlz4", (void 0)))
DevTools listening on ws://localhost:49747/devtools/browser/32be3ae0-559e-47df-9e1e-b747fbdf56ae
1650952740927	Marionette	INFO	Listening on port 49750
1650952741419	RemoteAgent	WARN	TLS certificate errors will be ignored for this session
1650952741625	Marionette	INFO	Stopped listening on port 49750
JavaScript error: resource:///modules/Interactions.jsm, line 209: NS_ERROR_FAILURE: Component returned failure code: 0x80004005 (NS_ERROR_FAILURE) [nsIUserIdleService.removeIdleObserver]
!!! error running onStopped callback: TypeError: callback is not a function

###!!! [Parent][RunMessage] Error: Channel closing: too late to send/recv, messages will be lost

1650952742594	RemoteAgent	ERROR	unable to stop listener: [Exception... "Component returned failure code: 0x8000ffff (NS_ERROR_UNEXPECTED) [nsIWindowMediator.getEnumerator]"  nsresult: "0x8000ffff (NS_ERROR_UNEXPECTED)"  location: "JS frame :: chrome://remote/content/cdp/observers/TargetObserver.jsm :: stop :: line 64"  data: no] Stack trace: stop()@TargetObserver.jsm:64
unwatchForTabs()@TargetList.jsm:70
unwatchForTargets()@TargetList.jsm:37
destructor()@TargetList.jsm:109
stop()@CDP.jsm:104
close()@RemoteAgent.jsm:138
1650952776058	geckodriver	INFO	Listening on 127.0.0.1:49816
1650952776608	mozrunner::runner	INFO	Running command: "D:\\study\\software\\firefox.exe" "--marionette" "--remote-debugging-port" "49817" "-no-remote" "-profile" "C:\\Users\\86135\\AppData\\Local\\Temp\\rust_mozprofileEnwld6"
1650952777498	Marionette	INFO	Marionette enabled
console.warn: SearchSettings: "get: No settings file exists, new profile?" (new NotFoundError("Could not open the file at C:\\Users\\86135\\AppData\\Local\\Temp\\rust_mozprofileEnwld6\\search.json.mozlz4", (void 0)))
DevTools listening on ws://localhost:49817/devtools/browser/807f40f3-e896-449d-b979-bf824009d04e
1650952781380	Marionette	INFO	Listening on port 49823
1650952781468	RemoteAgent	WARN	TLS certificate errors will be ignored for this session
1650952782210	Marionette	INFO	Stopped listening on port 49823
JavaScript error: resource:///modules/Interactions.jsm, line 209: NS_ERROR_FAILURE: Component returned failure code: 0x80004005 (NS_ERROR_FAILURE) [nsIUserIdleService.removeIdleObserver]
console.error: services.settings: 
  main/query-stripping Signature failed  TypeError: NetworkError when attempting to fetch resource.
console.error: Region.jsm: "Error fetching region" (new TypeError("NetworkError when attempting to fetch resource.", ""))
console.error: Region.jsm: "Failed to fetch region" (new Error("NO_RESULT", "resource://gre/modules/Region.jsm", 419))
!!! error running onStopped callback: TypeError: callback is not a function

###!!! [Parent][RunMessage] Error: Channel closing: too late to send/recv, messages will be lost

1650952783026	RemoteAgent	ERROR	unable to stop listener: [Exception... "Component returned failure code: 0x8000ffff (NS_ERROR_UNEXPECTED) [nsIWindowMediator.getEnumerator]"  nsresult: "0x8000ffff (NS_ERROR_UNEXPECTED)"  location: "JS frame :: chrome://remote/content/cdp/observers/TargetObserver.jsm :: stop :: line 64"  data: no] Stack trace: stop()@TargetObserver.jsm:64
unwatchForTabs()@TargetList.jsm:70
unwatchForTargets()@TargetList.jsm:37
destructor()@TargetList.jsm:109
stop()@CDP.jsm:104
close()@RemoteAgent.jsm:138
1650953346111	geckodriver	INFO	Listening on 127.0.0.1:50563
1650953346637	mozrunner::runner	INFO	Running command: "D:\\study\\software\\firefox.exe" "--marionette" "--remote-debugging-port" "50564" "-no-remote" "-profile" "C:\\Users\\86135\\AppData\\Local\\Temp\\rust_mozprofilepJd03m"
1650953347475	Marionette	INFO	Marionette enabled
console.warn: SearchSettings: "get: No settings file exists, new profile?" (new NotFoundError("Could not open the file at C:\\Users\\86135\\AppData\\Local\\Temp\\rust_mozprofilepJd03m\\search.json.mozlz4", (void 0)))
DevTools listening on ws://localhost:50564/devtools/browser/82e72fc6-4258-41f5-aaac-8da629a3e6ce
1650953350600	Marionette	INFO	Listening on port 50569
1650953350820	RemoteAgent	WARN	TLS certificate errors will be ignored for this session
1650953351283	Marionette	INFO	Stopped listening on port 50569
JavaScript error: resource:///modules/Interactions.jsm, line 209: NS_ERROR_FAILURE: Component returned failure code: 0x80004005 (NS_ERROR_FAILURE) [nsIUserIdleService.removeIdleObserver]
!!! error running onStopped callback: TypeError: callback is not a function

###!!! [Parent][RunMessage] Error: Channel closing: too late to send/recv, messages will be lost

1650953351879	RemoteAgent	ERROR	unable to stop listener: [Exception... "Component returned failure code: 0x8000ffff (NS_ERROR_UNEXPECTED) [nsIWindowMediator.getEnumerator]"  nsresult: "0x8000ffff (NS_ERROR_UNEXPECTED)"  location: "JS frame :: chrome://remote/content/cdp/observers/TargetObserver.jsm :: stop :: line 64"  data: no] Stack trace: stop()@TargetObserver.jsm:64
unwatchForTabs()@TargetList.jsm:70
unwatchForTargets()@TargetList.jsm:37
destructor()@TargetList.jsm:109
stop()@CDP.jsm:104
close()@RemoteAgent.jsm:138
1650953559520	geckodriver	INFO	Listening on 127.0.0.1:50833
1650953560059	mozrunner::runner	INFO	Running command: "D:\\study\\software\\firefox.exe" "--marionette" "--remote-debugging-port" "50834" "-no-remote" "-profile" "C:\\Users\\86135\\AppData\\Local\\Temp\\rust_mozprofileQplkrD"
1650953560836	Marionette	INFO	Marionette enabled
console.warn: SearchSettings: "get: No settings file exists, new profile?" (new NotFoundError("Could not open the file at C:\\Users\\86135\\AppData\\Local\\Temp\\rust_mozprofileQplkrD\\search.json.mozlz4", (void 0)))
DevTools listening on ws://localhost:50834/devtools/browser/008e5515-e53d-4c65-ba4d-3ae7fd0136ac
1650953563590	Marionette	INFO	Listening on port 50838
1650953563732	RemoteAgent	WARN	TLS certificate errors will be ignored for this session
1650953564184	Marionette	INFO	Stopped listening on port 50838
JavaScript error: resource:///modules/Interactions.jsm, line 209: NS_ERROR_FAILURE: Component returned failure code: 0x80004005 (NS_ERROR_FAILURE) [nsIUserIdleService.removeIdleObserver]
!!! error running onStopped callback: TypeError: callback is not a function

###!!! [Parent][RunMessage] Error: Channel closing: too late to send/recv, messages will be lost

1650953564831	RemoteAgent	ERROR	unable to stop listener: [Exception... "Component returned failure code: 0x8000ffff (NS_ERROR_UNEXPECTED) [nsIWindowMediator.getEnumerator]"  nsresult: "0x8000ffff (NS_ERROR_UNEXPECTED)"  location: "JS frame :: chrome://remote/content/cdp/observers/TargetObserver.jsm :: stop :: line 64"  data: no] Stack trace: stop()@TargetObserver.jsm:64
unwatchForTabs()@TargetList.jsm:70
unwatchForTargets()@TargetList.jsm:37
destructor()@TargetList.jsm:109
stop()@CDP.jsm:104
close()@RemoteAgent.jsm:138
